<?xml version="1.0" encoding="UTF-8"?>
<TestRun id="199d44d9-f022-46a8-b581-aa87024acfbc" name="johseffer@DESKTOP-6FEQDBE 2018-03-01 20:58:38" runUser="DESKTOP-6FEQDBE\johseffer" xmlns="http://microsoft.com/schemas/VisualStudio/TeamTest/2010">
  <TestSettings name="Configurações do Teste Padrão" id="1691efc8-3c49-40cb-8f2c-614335840de6">
    <Execution>
      <TestTypeSpecific />
      <AgentRule name="Execution Agents">
      </AgentRule>
    </Execution>
    <Deployment runDeploymentRoot="johseffer_DESKTOP-6FEQDBE 2018-03-01 20_58_38" />
    <Properties />
  </TestSettings>
  <Times creation="2018-03-01T20:58:38.2636040-03:00" queuing="2018-03-01T20:58:38.8417361-03:00" start="2018-03-01T20:58:38.9198624-03:00" finish="2018-03-01T20:59:10.2709793-03:00" />
  <ResultSummary outcome="Failed">
    <Counters total="6" executed="3" passed="1" error="0" failed="2" timeout="0" aborted="0" inconclusive="0" passedButRunAborted="0" notRunnable="0" notExecuted="3" disconnected="0" warning="0" completed="0" inProgress="0" pending="0" />
  </ResultSummary>
  <TestDefinitions>
    <UnitTest name="CN003_Matriculas_ValidarCadastroMatriculas" storage="c:\tfs\portabilis\tests\chrome\..\bin\debug\portabilistests.dll" id="28b6c15c-8047-9482-b9ce-e4cbb5135e51">
      <TestMethod codeBase="c:/tfs/portabilis/tests/bin/debug/PortabilisTests.DLL" adapterTypeName="Microsoft.VisualStudio.TestTools.TestTypes.Unit.UnitTestAdapter, Microsoft.VisualStudio.QualityTools.Tips.UnitTest.Adapter, Version=15.0.0.0, Culture=neutral, PublicKeyToken=b03f5f7f11d50a3a" className="PortabilisTests.Chrome.CN003_Matriculas, PortabilisTests, Version=1.0.0.0, Culture=neutral, PublicKeyToken=null" name="CN003_Matriculas_ValidarCadastroMatriculas" />
    </UnitTest>
    <UnitTest name="CN002_Cursos_ExcluirCurso" storage="c:\tfs\portabilis\tests\chrome\..\bin\debug\portabilistests.dll" id="6f235939-2e12-b7a9-cfb1-70ddb2ba4e4c">
      <TestMethod codeBase="c:/tfs/portabilis/tests/bin/debug/PortabilisTests.DLL" adapterTypeName="Microsoft.VisualStudio.TestTools.TestTypes.Unit.UnitTestAdapter, Microsoft.VisualStudio.QualityTools.Tips.UnitTest.Adapter, Version=15.0.0.0, Culture=neutral, PublicKeyToken=b03f5f7f11d50a3a" className="PortabilisTests.Chrome.CN002_Cursos, PortabilisTests, Version=1.0.0.0, Culture=neutral, PublicKeyToken=null" name="CN002_Cursos_ExcluirCurso" />
    </UnitTest>
    <UnitTest name="CN001_Alunos_ExcluirAluno" storage="c:\tfs\portabilis\tests\chrome\..\bin\debug\portabilistests.dll" id="27816197-7173-f1ae-5021-6c3005ed30a8">
      <TestMethod codeBase="c:/tfs/portabilis/tests/bin/debug/PortabilisTests.DLL" adapterTypeName="Microsoft.VisualStudio.TestTools.TestTypes.Unit.UnitTestAdapter, Microsoft.VisualStudio.QualityTools.Tips.UnitTest.Adapter, Version=15.0.0.0, Culture=neutral, PublicKeyToken=b03f5f7f11d50a3a" className="PortabilisTests.Chrome.CN001_Alunos, PortabilisTests, Version=1.0.0.0, Culture=neutral, PublicKeyToken=null" name="CN001_Alunos_ExcluirAluno" />
    </UnitTest>
    <OrderedTest name="ListaTestesGoogleChrome" storage="c:\tfs\portabilis\tests\chrome\listatestesgooglechrome.orderedtest" id="5523cbff-a497-4a48-a54c-33191084c41d">
      <Execution id="d9abab9a-2aa3-4bb7-a5e4-fcd3ea82b9c4" />
      <TestLinks>
        <TestLink id="a574ba42-df03-50df-fdec-51c19eec8f92" name="CN001_Alunos_ValidarCadastroAlunos" storage="..\bin\debug\portabilistests.dll" type="Microsoft.VisualStudio.TestTools.TestTypes.Unit.UnitTestElement, Microsoft.VisualStudio.QualityTools.Tips.UnitTest.ObjectModel,   PublicKeyToken=b03f5f7f11d50a3a" />
        <TestLink id="27816197-7173-f1ae-5021-6c3005ed30a8" name="CN001_Alunos_ExcluirAluno" storage="..\bin\debug\portabilistests.dll" type="Microsoft.VisualStudio.TestTools.TestTypes.Unit.UnitTestElement, Microsoft.VisualStudio.QualityTools.Tips.UnitTest.ObjectModel,   PublicKeyToken=b03f5f7f11d50a3a" />
        <TestLink id="f5af3753-e1af-d627-4546-d84b55a25a5c" name="CN002_Cursos_ValidarCadastroCursos" storage="..\bin\debug\portabilistests.dll" type="Microsoft.VisualStudio.TestTools.TestTypes.Unit.UnitTestElement, Microsoft.VisualStudio.QualityTools.Tips.UnitTest.ObjectModel,   PublicKeyToken=b03f5f7f11d50a3a" />
        <TestLink id="6f235939-2e12-b7a9-cfb1-70ddb2ba4e4c" name="CN002_Cursos_ExcluirCurso" storage="..\bin\debug\portabilistests.dll" type="Microsoft.VisualStudio.TestTools.TestTypes.Unit.UnitTestElement, Microsoft.VisualStudio.QualityTools.Tips.UnitTest.ObjectModel,   PublicKeyToken=b03f5f7f11d50a3a" />
        <TestLink id="28b6c15c-8047-9482-b9ce-e4cbb5135e51" name="CN003_Matriculas_ValidarCadastroMatriculas" storage="..\bin\debug\portabilistests.dll" type="Microsoft.VisualStudio.TestTools.TestTypes.Unit.UnitTestElement, Microsoft.VisualStudio.QualityTools.Tips.UnitTest.ObjectModel,   PublicKeyToken=b03f5f7f11d50a3a" />
      </TestLinks>
    </OrderedTest>
    <UnitTest name="CN001_Alunos_ValidarCadastroAlunos" storage="c:\tfs\portabilis\tests\chrome\..\bin\debug\portabilistests.dll" id="a574ba42-df03-50df-fdec-51c19eec8f92">
      <TestMethod codeBase="c:/tfs/portabilis/tests/bin/debug/PortabilisTests.DLL" adapterTypeName="Microsoft.VisualStudio.TestTools.TestTypes.Unit.UnitTestAdapter, Microsoft.VisualStudio.QualityTools.Tips.UnitTest.Adapter, Version=15.0.0.0, Culture=neutral, PublicKeyToken=b03f5f7f11d50a3a" className="PortabilisTests.Chrome.CN001_Alunos, PortabilisTests, Version=1.0.0.0, Culture=neutral, PublicKeyToken=null" name="CN001_Alunos_ValidarCadastroAlunos" />
    </UnitTest>
    <UnitTest name="CN002_Cursos_ValidarCadastroCursos" storage="c:\tfs\portabilis\tests\chrome\..\bin\debug\portabilistests.dll" id="f5af3753-e1af-d627-4546-d84b55a25a5c">
      <TestMethod codeBase="c:/tfs/portabilis/tests/bin/debug/PortabilisTests.DLL" adapterTypeName="Microsoft.VisualStudio.TestTools.TestTypes.Unit.UnitTestAdapter, Microsoft.VisualStudio.QualityTools.Tips.UnitTest.Adapter, Version=15.0.0.0, Culture=neutral, PublicKeyToken=b03f5f7f11d50a3a" className="PortabilisTests.Chrome.CN002_Cursos, PortabilisTests, Version=1.0.0.0, Culture=neutral, PublicKeyToken=null" name="CN002_Cursos_ValidarCadastroCursos" />
    </UnitTest>
  </TestDefinitions>
  <TestLists>
    <TestList name="Resultados fora de uma Lista" id="8c84fa94-04c1-424b-9868-57a2d4851a1d" />
    <TestList name="Todos os Resultados Carregados" id="19431567-8539-422a-85d7-44ee4e166bda" />
  </TestLists>
  <TestEntries>
    <TestEntry testId="5523cbff-a497-4a48-a54c-33191084c41d" executionId="d9abab9a-2aa3-4bb7-a5e4-fcd3ea82b9c4" testListId="8c84fa94-04c1-424b-9868-57a2d4851a1d">
      <TestEntries>
        <TestEntry testId="a574ba42-df03-50df-fdec-51c19eec8f92" executionId="ad374c1d-adcd-47c5-b055-f32448e57354" parentExecutionId="d9abab9a-2aa3-4bb7-a5e4-fcd3ea82b9c4" testListId="8c84fa94-04c1-424b-9868-57a2d4851a1d" />
        <TestEntry testId="27816197-7173-f1ae-5021-6c3005ed30a8" executionId="20302c7b-1695-42d3-8143-9a71f5b57574" parentExecutionId="d9abab9a-2aa3-4bb7-a5e4-fcd3ea82b9c4" testListId="8c84fa94-04c1-424b-9868-57a2d4851a1d" />
        <TestEntry testId="f5af3753-e1af-d627-4546-d84b55a25a5c" executionId="8e169b0c-57e5-4adf-a2a1-3ada96251fd8" parentExecutionId="d9abab9a-2aa3-4bb7-a5e4-fcd3ea82b9c4" testListId="8c84fa94-04c1-424b-9868-57a2d4851a1d" />
        <TestEntry testId="6f235939-2e12-b7a9-cfb1-70ddb2ba4e4c" executionId="6e2a26a8-e9d1-4b5b-ad9b-5edd145d6fab" parentExecutionId="d9abab9a-2aa3-4bb7-a5e4-fcd3ea82b9c4" testListId="8c84fa94-04c1-424b-9868-57a2d4851a1d" />
        <TestEntry testId="28b6c15c-8047-9482-b9ce-e4cbb5135e51" executionId="e8971129-1bf5-4836-9fa7-816d6cf06128" parentExecutionId="d9abab9a-2aa3-4bb7-a5e4-fcd3ea82b9c4" testListId="8c84fa94-04c1-424b-9868-57a2d4851a1d" />
      </TestEntries>
    </TestEntry>
  </TestEntries>
  <Results>
    <TestResultAggregation executionId="d9abab9a-2aa3-4bb7-a5e4-fcd3ea82b9c4" testId="5523cbff-a497-4a48-a54c-33191084c41d" testName="ListaTestesGoogleChrome" computerName="DESKTOP-6FEQDBE" duration="00:00:29.3812784" startTime="2018-03-01T20:58:39.0292382-03:00" endTime="2018-03-01T20:59:08.4404417-03:00" testType="ec4800e8-40e5-4ab3-8510-b8bf29b1904d" outcome="Failed" testListId="8c84fa94-04c1-424b-9868-57a2d4851a1d" relativeResultsDirectory="d9abab9a-2aa3-4bb7-a5e4-fcd3ea82b9c4">
      <Counters error="0" failed="1" timeout="0" aborted="0" inconclusive="0" passedButRunAborted="0" notRunnable="0" notExecuted="3" disconnected="0" warning="0" passed="1" completed="0" inProgress="0" pending="0" />
      <InnerResults>
        <UnitTestResult executionId="ad374c1d-adcd-47c5-b055-f32448e57354" parentExecutionId="d9abab9a-2aa3-4bb7-a5e4-fcd3ea82b9c4" testId="a574ba42-df03-50df-fdec-51c19eec8f92" testName="CN001_Alunos_ValidarCadastroAlunos" computerName="DESKTOP-6FEQDBE" duration="00:00:18.6611512" startTime="2018-03-01T20:58:39.0448822-03:00" endTime="2018-03-01T20:58:58.0913314-03:00" testType="13cdc9d9-ddb5-4fa4-a97d-d965ccfc6d4b" outcome="Passed" testListId="8c84fa94-04c1-424b-9868-57a2d4851a1d" relativeResultsDirectory="ad374c1d-adcd-47c5-b055-f32448e57354">
          <Output>
          </Output>
        </UnitTestResult>
        <UnitTestResult executionId="20302c7b-1695-42d3-8143-9a71f5b57574" parentExecutionId="d9abab9a-2aa3-4bb7-a5e4-fcd3ea82b9c4" testId="27816197-7173-f1ae-5021-6c3005ed30a8" testName="CN001_Alunos_ExcluirAluno" computerName="DESKTOP-6FEQDBE" duration="00:00:10.3363795" startTime="2018-03-01T20:58:58.0913314-03:00" endTime="2018-03-01T20:59:08.4394590-03:00" testType="13cdc9d9-ddb5-4fa4-a97d-d965ccfc6d4b" outcome="Failed" testListId="8c84fa94-04c1-424b-9868-57a2d4851a1d" relativeResultsDirectory="20302c7b-1695-42d3-8143-9a71f5b57574">
          <Output>
            <ErrorInfo>
              <Message>Método de teste PortabilisTests.Chrome.CN001_Alunos.CN001_Alunos_ExcluirAluno gerou exceção: 
OpenQA.Selenium.NoSuchElementException: no such element: Unable to locate element: {"method":"xpath","selector":"//a[@data-target='#modal155']"}
  (Session info: chrome=64.0.3282.186)
  (Driver info: chromedriver=2.33.506120 (e3e53437346286c0bc2d2dc9aa4915ba81d9023f),platform=Windows NT 10.0.16299 x86_64)</Message>
              <StackTrace>    em OpenQA.Selenium.Remote.RemoteWebDriver.UnpackAndThrowOnError(Response errorResponse)
   em OpenQA.Selenium.Remote.RemoteWebDriver.Execute(String driverCommandToExecute, Dictionary`2 parameters)
   em OpenQA.Selenium.Remote.RemoteWebDriver.FindElement(String mechanism, String value)
   em OpenQA.Selenium.Remote.RemoteWebDriver.FindElementByXPath(String xpath)
   em PortabilisTests.Chrome.CN001_Alunos.CN001_Alunos_ExcluirAluno() na C:\TFS\Portabilis\Tests\Chrome\CN001_Alunos.cs:linha 135
</StackTrace>
            </ErrorInfo>
          </Output>
        </UnitTestResult>
        <TestResult executionId="8e169b0c-57e5-4adf-a2a1-3ada96251fd8" parentExecutionId="d9abab9a-2aa3-4bb7-a5e4-fcd3ea82b9c4" testId="f5af3753-e1af-d627-4546-d84b55a25a5c" testName="CN002_Cursos_ValidarCadastroCursos" computerName="DESKTOP-6FEQDBE" testType="13cdc9d9-ddb5-4fa4-a97d-d965ccfc6d4b" outcome="NotExecuted" testListId="8c84fa94-04c1-424b-9868-57a2d4851a1d" relativeResultsDirectory="8e169b0c-57e5-4adf-a2a1-3ada96251fd8" />
        <TestResult executionId="6e2a26a8-e9d1-4b5b-ad9b-5edd145d6fab" parentExecutionId="d9abab9a-2aa3-4bb7-a5e4-fcd3ea82b9c4" testId="6f235939-2e12-b7a9-cfb1-70ddb2ba4e4c" testName="CN002_Cursos_ExcluirCurso" computerName="DESKTOP-6FEQDBE" testType="13cdc9d9-ddb5-4fa4-a97d-d965ccfc6d4b" outcome="NotExecuted" testListId="8c84fa94-04c1-424b-9868-57a2d4851a1d" relativeResultsDirectory="6e2a26a8-e9d1-4b5b-ad9b-5edd145d6fab" />
        <TestResult executionId="e8971129-1bf5-4836-9fa7-816d6cf06128" parentExecutionId="d9abab9a-2aa3-4bb7-a5e4-fcd3ea82b9c4" testId="28b6c15c-8047-9482-b9ce-e4cbb5135e51" testName="CN003_Matriculas_ValidarCadastroMatriculas" computerName="DESKTOP-6FEQDBE" testType="13cdc9d9-ddb5-4fa4-a97d-d965ccfc6d4b" outcome="NotExecuted" testListId="8c84fa94-04c1-424b-9868-57a2d4851a1d" relativeResultsDirectory="e8971129-1bf5-4836-9fa7-816d6cf06128" />
      </InnerResults>
    </TestResultAggregation>
  </Results>
</TestRun>